<?xml version="1.0" encoding="UTF-8"?>
<!-- Generated by org.testng.reporters.JUnitReportReporter -->
<testsuite hostname="LAPTOP-GIMKOC4U" failures="0" tests="2" name="smokeTests.SmokeTest1" time="3.865" errors="0" timestamp="11 Sep 2021 02:29:18 GMT" skipped="0">
  <testcase classname="smokeTests.SmokeTest1" name="test2" time="0.153"/>
  <testcase classname="smokeTests.SmokeTest1" name="test1" time="3.712"/>
</testsuite> <!-- smokeTests.SmokeTest1 -->
