<?xml version="1.0" encoding="UTF-8"?>
<!-- Generated by org.testng.reporters.JUnitReportReporter -->
<testsuite skipped="0" hostname="LAPTOP-GIMKOC4U" name="smokeTests.CucumberRunnerTest" tests="6" failures="0" timestamp="23 Sep 2021 01:15:22 GMT" time="4.929" errors="0">
  <testcase name="runScenario" time="0.207" classname="smokeTests.CucumberRunnerTest"/>
  <testcase name="runScenario" time="0.413" classname="smokeTests.CucumberRunnerTest"/>
  <testcase name="runScenario" time="0.411" classname="smokeTests.CucumberRunnerTest"/>
  <testcase name="runScenario" time="0.672" classname="smokeTests.CucumberRunnerTest"/>
  <testcase name="runScenario" time="0.415" classname="smokeTests.CucumberRunnerTest"/>
  <testcase name="runScenario" time="2.811" classname="smokeTests.CucumberRunnerTest"/>
</testsuite> <!-- smokeTests.CucumberRunnerTest -->
